<?xml version="1.0" encoding="UTF-8"?>
<!-- Generated by org.testng.reporters.JUnitReportReporter -->
<testsuite skipped="0" hostname="iMac-DABSP.local" name="TestProjects.EmployeeAPI_Test_Project.TestCases" tests="1" failures="0" timestamp="02 Jan 2021 08:08:23 GMT" time="3.948" errors="0">
  <testcase name="getEmployeeDetail" time="3.948" classname="TestProjects.EmployeeAPI_Test_Project.TestCases"/>
</testsuite> <!-- TestProjects.EmployeeAPI_Test_Project.TestCases -->
