<?xml version="1.0" encoding="UTF-8"?>
<!-- Generated by org.testng.reporters.JUnitReportReporter -->
<testsuite skipped="0" hostname="DESKTOP-7B2H7EG" name="TestProjects.EmployeeAPI_Test_Project.TestCases" tests="1" failures="0" timestamp="20 Jun 2019 20:45:46 GMT" time="2.127" errors="0">
  <testcase name="createEmployee_Positive" time="2.127" classname="TestProjects.EmployeeAPI_Test_Project.TestCases"/>
</testsuite> <!-- TestProjects.EmployeeAPI_Test_Project.TestCases -->
